# JRE version: OpenJDK Runtime Environment (8.0_202) (build 1.8.0_202-release-1483-b49-5587405)
# Java VM: OpenJDK 64-Bit Server VM (25.202-b49-5587405 mixed mode linux-amd64 compressed oops)
Heap:
 PSYoungGen      total 199680K, used 7651K [0x00000000e1700000, 0x00000000ee200000, 0x0000000100000000)
  eden space 192000K, 0% used [0x00000000e1700000,0x00000000e1700000,0x00000000ed280000)
  from space 7680K, 99% used [0x00000000ed280000,0x00000000ed9f8e90,0x00000000eda00000)
  to   space 7168K, 0% used [0x00000000eda00000,0x00000000eda00000,0x00000000ee100000)
 ParOldGen       total 62976K, used 8247K [0x00000000a4400000, 0x00000000a8180000, 0x00000000e1700000)
  object space 62976K, 13% used [0x00000000a4400000,0x00000000a4c0df38,0x00000000a8180000)
 Metaspace       used 18569K, capacity 18862K, committed 19072K, reserved 1064960K
  class space    used 2566K, capacity 2677K, committed 2688K, reserved 1048576K
GC Heap History (10 events):
Event: 1.674 GC heap after
Heap after GC invocations=4 (full 0):
 PSYoungGen      total 51712K, used 3570K [0x00000000e1700000, 0x00000000e4d00000, 0x0000000100000000)
  eden space 48128K, 0% used [0x00000000e1700000,0x00000000e1700000,0x00000000e4600000)
  from space 3584K, 99% used [0x00000000e4980000,0x00000000e4cfc880,0x00000000e4d00000)
  to   space 3584K, 0% used [0x00000000e4600000,0x00000000e4600000,0x00000000e4980000)
 ParOldGen       total 62976K, used 3308K [0x00000000a4400000, 0x00000000a8180000, 0x00000000e1700000)
  object space 62976K, 5% used [0x00000000a4400000,0x00000000a473b000,0x00000000a8180000)
 Metaspace       used 8288K, capacity 8512K, committed 8704K, reserved 1056768K
  class space    used 878K, capacity 984K, committed 1024K, reserved 1048576K
}
Event: 1.908 GC heap before
{Heap before GC invocations=5 (full 0):
 PSYoungGen      total 51712K, used 51698K [0x00000000e1700000, 0x00000000e4d00000, 0x0000000100000000)
  eden space 48128K, 100% used [0x00000000e1700000,0x00000000e4600000,0x00000000e4600000)
  from space 3584K, 99% used [0x00000000e4980000,0x00000000e4cfc880,0x00000000e4d00000)
  to   space 3584K, 0% used [0x00000000e4600000,0x00000000e4600000,0x00000000e4980000)
 ParOldGen       total 62976K, used 3308K [0x00000000a4400000, 0x00000000a8180000, 0x00000000e1700000)
  object space 62976K, 5% used [0x00000000a4400000,0x00000000a473b000,0x00000000a8180000)
 Metaspace       used 8428K, capacity 8576K, committed 8704K, reserved 1056768K
  class space    used 879K, capacity 984K, committed 1024K, reserved 1048576K
Event: 1.919 GC heap after
Heap after GC invocations=5 (full 0):
 PSYoungGen      total 51712K, used 3574K [0x00000000e1700000, 0x00000000e8000000, 0x0000000100000000)
  eden space 48128K, 0% used [0x00000000e1700000,0x00000000e1700000,0x00000000e4600000)
  from space 3584K, 99% used [0x00000000e4600000,0x00000000e497dbd0,0x00000000e4980000)
  to   space 5632K, 0% used [0x00000000e7a80000,0x00000000e7a80000,0x00000000e8000000)
 ParOldGen       total 62976K, used 3750K [0x00000000a4400000, 0x00000000a8180000, 0x00000000e1700000)
  object space 62976K, 5% used [0x00000000a4400000,0x00000000a47a9a68,0x00000000a8180000)
 Metaspace       used 8428K, capacity 8576K, committed 8704K, reserved 1056768K
  class space    used 879K, capacity 984K, committed 1024K, reserved 1048576K
}
Event: 2.118 GC heap before
{Heap before GC invocations=6 (full 0):
 PSYoungGen      total 51712K, used 51702K [0x00000000e1700000, 0x00000000e8000000, 0x0000000100000000)
  eden space 48128K, 100% used [0x00000000e1700000,0x00000000e4600000,0x00000000e4600000)
  from space 3584K, 99% used [0x00000000e4600000,0x00000000e497dbd0,0x00000000e4980000)
  to   space 5632K, 0% used [0x00000000e7a80000,0x00000000e7a80000,0x00000000e8000000)
 ParOldGen       total 62976K, used 3750K [0x00000000a4400000, 0x00000000a8180000, 0x00000000e1700000)
  object space 62976K, 5% used [0x00000000a4400000,0x00000000a47a9a68,0x00000000a8180000)
 Metaspace       used 8724K, capacity 8992K, committed 9216K, reserved 1056768K
  class space    used 915K, capacity 1016K, committed 1024K, reserved 1048576K
Event: 2.126 GC heap after
Heap after GC invocations=6 (full 0):
 PSYoungGen      total 101888K, used 3785K [0x00000000e1700000, 0x00000000e8000000, 0x0000000100000000)
  eden space 96256K, 0% used [0x00000000e1700000,0x00000000e1700000,0x00000000e7500000)
  from space 5632K, 67% used [0x00000000e7a80000,0x00000000e7e32440,0x00000000e8000000)
  to   space 5632K, 0% used [0x00000000e7500000,0x00000000e7500000,0x00000000e7a80000)
 ParOldGen       total 62976K, used 3758K [0x00000000a4400000, 0x00000000a8180000, 0x00000000e1700000)
  object space 62976K, 5% used [0x00000000a4400000,0x00000000a47aba68,0x00000000a8180000)
 Metaspace       used 8724K, capacity 8992K, committed 9216K, reserved 1056768K
  class space    used 915K, capacity 1016K, committed 1024K, reserved 1048576K
}
Event: 2.653 GC heap before
{Heap before GC invocations=7 (full 0):
 PSYoungGen      total 101888K, used 100041K [0x00000000e1700000, 0x00000000e8000000, 0x0000000100000000)
  eden space 96256K, 100% used [0x00000000e1700000,0x00000000e7500000,0x00000000e7500000)
  from space 5632K, 67% used [0x00000000e7a80000,0x00000000e7e32440,0x00000000e8000000)
  to   space 5632K, 0% used [0x00000000e7500000,0x00000000e7500000,0x00000000e7a80000)
 ParOldGen       total 62976K, used 3758K [0x00000000a4400000, 0x00000000a8180000, 0x00000000e1700000)
  object space 62976K, 5% used [0x00000000a4400000,0x00000000a47aba68,0x00000000a8180000)
 Metaspace       used 12136K, capacity 12382K, committed 12672K, reserved 1060864K
  class space    used 1287K, capacity 1373K, committed 1408K, reserved 1048576K
Event: 2.660 GC heap after
Heap after GC invocations=7 (full 0):
 PSYoungGen      total 101888K, used 5603K [0x00000000e1700000, 0x00000000ee100000, 0x0000000100000000)
  eden space 96256K, 0% used [0x00000000e1700000,0x00000000e1700000,0x00000000e7500000)
  from space 5632K, 99% used [0x00000000e7500000,0x00000000e7a78d80,0x00000000e7a80000)
  to   space 7168K, 0% used [0x00000000eda00000,0x00000000eda00000,0x00000000ee100000)
 ParOldGen       total 62976K, used 6021K [0x00000000a4400000, 0x00000000a8180000, 0x00000000e1700000)
  object space 62976K, 9% used [0x00000000a4400000,0x00000000a49e17a0,0x00000000a8180000)
 Metaspace       used 12136K, capacity 12382K, committed 12672K, reserved 1060864K
  class space    used 1287K, capacity 1373K, committed 1408K, reserved 1048576K
}
Event: 2.998 GC heap before
{Heap before GC invocations=8 (full 0):
 PSYoungGen      total 101888K, used 101859K [0x00000000e1700000, 0x00000000ee100000, 0x0000000100000000)
  eden space 96256K, 100% used [0x00000000e1700000,0x00000000e7500000,0x00000000e7500000)
  from space 5632K, 99% used [0x00000000e7500000,0x00000000e7a78d80,0x00000000e7a80000)
  to   space 7168K, 0% used [0x00000000eda00000,0x00000000eda00000,0x00000000ee100000)
 ParOldGen       total 62976K, used 6021K [0x00000000a4400000, 0x00000000a8180000, 0x00000000e1700000)
  object space 62976K, 9% used [0x00000000a4400000,0x00000000a49e17a0,0x00000000a8180000)
 Metaspace       used 14422K, capacity 14558K, committed 14720K, reserved 1062912K
  class space    used 1737K, capacity 1821K, committed 1920K, reserved 1048576K
Event: 3.003 GC heap after
Heap after GC invocations=8 (full 0):
 PSYoungGen      total 199168K, used 5722K [0x00000000e1700000, 0x00000000ee200000, 0x0000000100000000)
  eden space 192000K, 0% used [0x00000000e1700000,0x00000000e1700000,0x00000000ed280000)
  from space 7168K, 79% used [0x00000000eda00000,0x00000000edf96b50,0x00000000ee100000)
  to   space 7680K, 0% used [0x00000000ed280000,0x00000000ed280000,0x00000000eda00000)
 ParOldGen       total 62976K, used 7186K [0x00000000a4400000, 0x00000000a8180000, 0x00000000e1700000)
  object space 62976K, 11% used [0x00000000a4400000,0x00000000a4b04af8,0x00000000a8180000)
 Metaspace       used 14422K, capacity 14558K, committed 14720K, reserved 1062912K
  class space    used 1737K, capacity 1821K, committed 1920K, reserved 1048576K
}
Event: 3.744 GC heap before
{Heap before GC invocations=9 (full 0):
 PSYoungGen      total 199168K, used 197722K [0x00000000e1700000, 0x00000000ee200000, 0x0000000100000000)
  eden space 192000K, 100% used [0x00000000e1700000,0x00000000ed280000,0x00000000ed280000)
  from space 7168K, 79% used [0x00000000eda00000,0x00000000edf96b50,0x00000000ee100000)
  to   space 7680K, 0% used [0x00000000ed280000,0x00000000ed280000,0x00000000eda00000)
 ParOldGen       total 62976K, used 7186K [0x00000000a4400000, 0x00000000a8180000, 0x00000000e1700000)
  object space 62976K, 11% used [0x00000000a4400000,0x00000000a4b04af8,0x00000000a8180000)
 Metaspace       used 18569K, capacity 18862K, committed 19072K, reserved 1064960K
  class space    used 2566K, capacity 2677K, committed 2688K, reserved 1048576K

