# JRE version: OpenJDK Runtime Environment (8.0_202) (build 1.8.0_202-release-1483-b49-5587405)
# Java VM: OpenJDK 64-Bit Server VM (25.202-b49-5587405 mixed mode linux-amd64 compressed oops)
Heap:
 PSYoungGen      total 200192K, used 7671K [0x00000000e1700000, 0x00000000ee200000, 0x0000000100000000)
  eden space 192512K, 0% used [0x00000000e1700000,0x00000000e1700000,0x00000000ed300000)
  from space 7680K, 99% used [0x00000000ed300000,0x00000000eda7dcd0,0x00000000eda80000)
  to   space 7680K, 0% used [0x00000000eda80000,0x00000000eda80000,0x00000000ee200000)
 ParOldGen       total 62976K, used 8348K [0x00000000a4400000, 0x00000000a8180000, 0x00000000e1700000)
  object space 62976K, 13% used [0x00000000a4400000,0x00000000a4c27068,0x00000000a8180000)
 Metaspace       used 18275K, capacity 18518K, committed 18816K, reserved 1064960K
  class space    used 2541K, capacity 2609K, committed 2688K, reserved 1048576K
GC Heap History (10 events):
Event: 1.718 GC heap after
Heap after GC invocations=4 (full 0):
 PSYoungGen      total 51712K, used 3577K [0x00000000e1700000, 0x00000000e4d00000, 0x0000000100000000)
  eden space 48128K, 0% used [0x00000000e1700000,0x00000000e1700000,0x00000000e4600000)
  from space 3584K, 99% used [0x00000000e4980000,0x00000000e4cfe430,0x00000000e4d00000)
  to   space 3584K, 0% used [0x00000000e4600000,0x00000000e4600000,0x00000000e4980000)
 ParOldGen       total 62976K, used 3321K [0x00000000a4400000, 0x00000000a8180000, 0x00000000e1700000)
  object space 62976K, 5% used [0x00000000a4400000,0x00000000a473e628,0x00000000a8180000)
 Metaspace       used 8271K, capacity 8512K, committed 8704K, reserved 1056768K
  class space    used 877K, capacity 984K, committed 1024K, reserved 1048576K
}
Event: 2.002 GC heap before
{Heap before GC invocations=5 (full 0):
 PSYoungGen      total 51712K, used 51705K [0x00000000e1700000, 0x00000000e4d00000, 0x0000000100000000)
  eden space 48128K, 100% used [0x00000000e1700000,0x00000000e4600000,0x00000000e4600000)
  from space 3584K, 99% used [0x00000000e4980000,0x00000000e4cfe430,0x00000000e4d00000)
  to   space 3584K, 0% used [0x00000000e4600000,0x00000000e4600000,0x00000000e4980000)
 ParOldGen       total 62976K, used 3321K [0x00000000a4400000, 0x00000000a8180000, 0x00000000e1700000)
  object space 62976K, 5% used [0x00000000a4400000,0x00000000a473e628,0x00000000a8180000)
 Metaspace       used 8415K, capacity 8576K, committed 8704K, reserved 1056768K
  class space    used 879K, capacity 984K, committed 1024K, reserved 1048576K
Event: 2.020 GC heap after
Heap after GC invocations=5 (full 0):
 PSYoungGen      total 51712K, used 3574K [0x00000000e1700000, 0x00000000e8000000, 0x0000000100000000)
  eden space 48128K, 0% used [0x00000000e1700000,0x00000000e1700000,0x00000000e4600000)
  from space 3584K, 99% used [0x00000000e4600000,0x00000000e497dbf0,0x00000000e4980000)
  to   space 5632K, 0% used [0x00000000e7a80000,0x00000000e7a80000,0x00000000e8000000)
 ParOldGen       total 62976K, used 3821K [0x00000000a4400000, 0x00000000a8180000, 0x00000000e1700000)
  object space 62976K, 6% used [0x00000000a4400000,0x00000000a47bb460,0x00000000a8180000)
 Metaspace       used 8415K, capacity 8576K, committed 8704K, reserved 1056768K
  class space    used 879K, capacity 984K, committed 1024K, reserved 1048576K
}
Event: 2.243 GC heap before
{Heap before GC invocations=6 (full 0):
 PSYoungGen      total 51712K, used 51702K [0x00000000e1700000, 0x00000000e8000000, 0x0000000100000000)
  eden space 48128K, 100% used [0x00000000e1700000,0x00000000e4600000,0x00000000e4600000)
  from space 3584K, 99% used [0x00000000e4600000,0x00000000e497dbf0,0x00000000e4980000)
  to   space 5632K, 0% used [0x00000000e7a80000,0x00000000e7a80000,0x00000000e8000000)
 ParOldGen       total 62976K, used 3821K [0x00000000a4400000, 0x00000000a8180000, 0x00000000e1700000)
  object space 62976K, 6% used [0x00000000a4400000,0x00000000a47bb460,0x00000000a8180000)
 Metaspace       used 8709K, capacity 8928K, committed 8960K, reserved 1056768K
  class space    used 915K, capacity 1016K, committed 1024K, reserved 1048576K
Event: 2.248 GC heap after
Heap after GC invocations=6 (full 0):
 PSYoungGen      total 101888K, used 3657K [0x00000000e1700000, 0x00000000e8000000, 0x0000000100000000)
  eden space 96256K, 0% used [0x00000000e1700000,0x00000000e1700000,0x00000000e7500000)
  from space 5632K, 64% used [0x00000000e7a80000,0x00000000e7e12440,0x00000000e8000000)
  to   space 5632K, 0% used [0x00000000e7500000,0x00000000e7500000,0x00000000e7a80000)
 ParOldGen       total 62976K, used 3829K [0x00000000a4400000, 0x00000000a8180000, 0x00000000e1700000)
  object space 62976K, 6% used [0x00000000a4400000,0x00000000a47bd460,0x00000000a8180000)
 Metaspace       used 8709K, capacity 8928K, committed 8960K, reserved 1056768K
  class space    used 915K, capacity 1016K, committed 1024K, reserved 1048576K
}
Event: 2.788 GC heap before
{Heap before GC invocations=7 (full 0):
 PSYoungGen      total 101888K, used 99913K [0x00000000e1700000, 0x00000000e8000000, 0x0000000100000000)
  eden space 96256K, 100% used [0x00000000e1700000,0x00000000e7500000,0x00000000e7500000)
  from space 5632K, 64% used [0x00000000e7a80000,0x00000000e7e12440,0x00000000e8000000)
  to   space 5632K, 0% used [0x00000000e7500000,0x00000000e7500000,0x00000000e7a80000)
 ParOldGen       total 62976K, used 3829K [0x00000000a4400000, 0x00000000a8180000, 0x00000000e1700000)
  object space 62976K, 6% used [0x00000000a4400000,0x00000000a47bd460,0x00000000a8180000)
 Metaspace       used 11964K, capacity 12158K, committed 12416K, reserved 1060864K
  class space    used 1274K, capacity 1341K, committed 1408K, reserved 1048576K
Event: 2.802 GC heap after
Heap after GC invocations=7 (full 0):
 PSYoungGen      total 101888K, used 5628K [0x00000000e1700000, 0x00000000ee200000, 0x0000000100000000)
  eden space 96256K, 0% used [0x00000000e1700000,0x00000000e1700000,0x00000000e7500000)
  from space 5632K, 99% used [0x00000000e7500000,0x00000000e7a7f120,0x00000000e7a80000)
  to   space 7680K, 0% used [0x00000000eda80000,0x00000000eda80000,0x00000000ee200000)
 ParOldGen       total 62976K, used 6092K [0x00000000a4400000, 0x00000000a8180000, 0x00000000e1700000)
  object space 62976K, 9% used [0x00000000a4400000,0x00000000a49f3358,0x00000000a8180000)
 Metaspace       used 11964K, capacity 12158K, committed 12416K, reserved 1060864K
  class space    used 1274K, capacity 1341K, committed 1408K, reserved 1048576K
}
Event: 3.130 GC heap before
{Heap before GC invocations=8 (full 0):
 PSYoungGen      total 101888K, used 101884K [0x00000000e1700000, 0x00000000ee200000, 0x0000000100000000)
  eden space 96256K, 100% used [0x00000000e1700000,0x00000000e7500000,0x00000000e7500000)
  from space 5632K, 99% used [0x00000000e7500000,0x00000000e7a7f120,0x00000000e7a80000)
  to   space 7680K, 0% used [0x00000000eda80000,0x00000000eda80000,0x00000000ee200000)
 ParOldGen       total 62976K, used 6092K [0x00000000a4400000, 0x00000000a8180000, 0x00000000e1700000)
  object space 62976K, 9% used [0x00000000a4400000,0x00000000a49f3358,0x00000000a8180000)
 Metaspace       used 14266K, capacity 14430K, committed 14720K, reserved 1062912K
  class space    used 1705K, capacity 1821K, committed 1920K, reserved 1048576K
Event: 3.136 GC heap after
Heap after GC invocations=8 (full 0):
 PSYoungGen      total 200192K, used 5633K [0x00000000e1700000, 0x00000000ee200000, 0x0000000100000000)
  eden space 192512K, 0% used [0x00000000e1700000,0x00000000e1700000,0x00000000ed300000)
  from space 7680K, 73% used [0x00000000eda80000,0x00000000ee000560,0x00000000ee200000)
  to   space 7680K, 0% used [0x00000000ed300000,0x00000000ed300000,0x00000000eda80000)
 ParOldGen       total 62976K, used 7316K [0x00000000a4400000, 0x00000000a8180000, 0x00000000e1700000)
  object space 62976K, 11% used [0x00000000a4400000,0x00000000a4b25368,0x00000000a8180000)
 Metaspace       used 14266K, capacity 14430K, committed 14720K, reserved 1062912K
  class space    used 1705K, capacity 1821K, committed 1920K, reserved 1048576K
}
Event: 3.903 GC heap before
{Heap before GC invocations=9 (full 0):
 PSYoungGen      total 200192K, used 198145K [0x00000000e1700000, 0x00000000ee200000, 0x0000000100000000)
  eden space 192512K, 100% used [0x00000000e1700000,0x00000000ed300000,0x00000000ed300000)
  from space 7680K, 73% used [0x00000000eda80000,0x00000000ee000560,0x00000000ee200000)
  to   space 7680K, 0% used [0x00000000ed300000,0x00000000ed300000,0x00000000eda80000)
 ParOldGen       total 62976K, used 7316K [0x00000000a4400000, 0x00000000a8180000, 0x00000000e1700000)
  object space 62976K, 11% used [0x00000000a4400000,0x00000000a4b25368,0x00000000a8180000)
 Metaspace       used 18275K, capacity 18518K, committed 18816K, reserved 1064960K
  class space    used 2541K, capacity 2609K, committed 2688K, reserved 1048576K

