# JRE version: OpenJDK Runtime Environment (8.0_202) (build 1.8.0_202-release-1483-b49-5587405)
# Java VM: OpenJDK 64-Bit Server VM (25.202-b49-5587405 mixed mode linux-amd64 compressed oops)
Heap:
 PSYoungGen      total 200192K, used 7651K [0x00000000e1700000, 0x00000000ee200000, 0x0000000100000000)
  eden space 192512K, 0% used [0x00000000e1700000,0x00000000e1700000,0x00000000ed300000)
  from space 7680K, 99% used [0x00000000ed300000,0x00000000eda78e70,0x00000000eda80000)
  to   space 7680K, 0% used [0x00000000eda80000,0x00000000eda80000,0x00000000ee200000)
 ParOldGen       total 62976K, used 7639K [0x00000000a4400000, 0x00000000a8180000, 0x00000000e1700000)
  object space 62976K, 12% used [0x00000000a4400000,0x00000000a4b75d28,0x00000000a8180000)
 Metaspace       used 18490K, capacity 18798K, committed 19072K, reserved 1064960K
  class space    used 2566K, capacity 2677K, committed 2688K, reserved 1048576K
GC Heap History (10 events):
Event: 1.481 GC heap after
Heap after GC invocations=4 (full 0):
 PSYoungGen      total 51712K, used 3570K [0x00000000e1700000, 0x00000000e4d00000, 0x0000000100000000)
  eden space 48128K, 0% used [0x00000000e1700000,0x00000000e1700000,0x00000000e4600000)
  from space 3584K, 99% used [0x00000000e4980000,0x00000000e4cfc880,0x00000000e4d00000)
  to   space 3584K, 0% used [0x00000000e4600000,0x00000000e4600000,0x00000000e4980000)
 ParOldGen       total 62976K, used 3356K [0x00000000a4400000, 0x00000000a8180000, 0x00000000e1700000)
  object space 62976K, 5% used [0x00000000a4400000,0x00000000a4747348,0x00000000a8180000)
 Metaspace       used 8297K, capacity 8512K, committed 8704K, reserved 1056768K
  class space    used 878K, capacity 984K, committed 1024K, reserved 1048576K
}
Event: 1.913 GC heap before
{Heap before GC invocations=5 (full 0):
 PSYoungGen      total 51712K, used 51698K [0x00000000e1700000, 0x00000000e4d00000, 0x0000000100000000)
  eden space 48128K, 100% used [0x00000000e1700000,0x00000000e4600000,0x00000000e4600000)
  from space 3584K, 99% used [0x00000000e4980000,0x00000000e4cfc880,0x00000000e4d00000)
  to   space 3584K, 0% used [0x00000000e4600000,0x00000000e4600000,0x00000000e4980000)
 ParOldGen       total 62976K, used 3356K [0x00000000a4400000, 0x00000000a8180000, 0x00000000e1700000)
  object space 62976K, 5% used [0x00000000a4400000,0x00000000a4747348,0x00000000a8180000)
 Metaspace       used 8438K, capacity 8704K, committed 8960K, reserved 1056768K
  class space    used 879K, capacity 984K, committed 1024K, reserved 1048576K
Event: 1.923 GC heap after
Heap after GC invocations=5 (full 0):
 PSYoungGen      total 51712K, used 3574K [0x00000000e1700000, 0x00000000e8100000, 0x0000000100000000)
  eden space 48128K, 0% used [0x00000000e1700000,0x00000000e1700000,0x00000000e4600000)
  from space 3584K, 99% used [0x00000000e4600000,0x00000000e497dbd0,0x00000000e4980000)
  to   space 6144K, 0% used [0x00000000e7b00000,0x00000000e7b00000,0x00000000e8100000)
 ParOldGen       total 62976K, used 3819K [0x00000000a4400000, 0x00000000a8180000, 0x00000000e1700000)
  object space 62976K, 6% used [0x00000000a4400000,0x00000000a47badc0,0x00000000a8180000)
 Metaspace       used 8438K, capacity 8704K, committed 8960K, reserved 1056768K
  class space    used 879K, capacity 984K, committed 1024K, reserved 1048576K
}
Event: 2.253 GC heap before
{Heap before GC invocations=6 (full 0):
 PSYoungGen      total 51712K, used 51702K [0x00000000e1700000, 0x00000000e8100000, 0x0000000100000000)
  eden space 48128K, 100% used [0x00000000e1700000,0x00000000e4600000,0x00000000e4600000)
  from space 3584K, 99% used [0x00000000e4600000,0x00000000e497dbd0,0x00000000e4980000)
  to   space 6144K, 0% used [0x00000000e7b00000,0x00000000e7b00000,0x00000000e8100000)
 ParOldGen       total 62976K, used 3819K [0x00000000a4400000, 0x00000000a8180000, 0x00000000e1700000)
  object space 62976K, 6% used [0x00000000a4400000,0x00000000a47badc0,0x00000000a8180000)
 Metaspace       used 8727K, capacity 8992K, committed 9216K, reserved 1056768K
  class space    used 915K, capacity 1016K, committed 1024K, reserved 1048576K
Event: 2.261 GC heap after
Heap after GC invocations=6 (full 0):
 PSYoungGen      total 101376K, used 3417K [0x00000000e1700000, 0x00000000e8000000, 0x0000000100000000)
  eden space 96256K, 0% used [0x00000000e1700000,0x00000000e1700000,0x00000000e7500000)
  from space 5120K, 66% used [0x00000000e7b00000,0x00000000e7e56450,0x00000000e8000000)
  to   space 5632K, 0% used [0x00000000e7500000,0x00000000e7500000,0x00000000e7a80000)
 ParOldGen       total 62976K, used 3827K [0x00000000a4400000, 0x00000000a8180000, 0x00000000e1700000)
  object space 62976K, 6% used [0x00000000a4400000,0x00000000a47bcdc0,0x00000000a8180000)
 Metaspace       used 8727K, capacity 8992K, committed 9216K, reserved 1056768K
  class space    used 915K, capacity 1016K, committed 1024K, reserved 1048576K
}
Event: 2.916 GC heap before
{Heap before GC invocations=7 (full 0):
 PSYoungGen      total 101376K, used 99673K [0x00000000e1700000, 0x00000000e8000000, 0x0000000100000000)
  eden space 96256K, 100% used [0x00000000e1700000,0x00000000e7500000,0x00000000e7500000)
  from space 5120K, 66% used [0x00000000e7b00000,0x00000000e7e56450,0x00000000e8000000)
  to   space 5632K, 0% used [0x00000000e7500000,0x00000000e7500000,0x00000000e7a80000)
 ParOldGen       total 62976K, used 3827K [0x00000000a4400000, 0x00000000a8180000, 0x00000000e1700000)
  object space 62976K, 6% used [0x00000000a4400000,0x00000000a47bcdc0,0x00000000a8180000)
 Metaspace       used 12133K, capacity 12318K, committed 12416K, reserved 1060864K
  class space    used 1287K, capacity 1373K, committed 1408K, reserved 1048576K
Event: 2.923 GC heap after
Heap after GC invocations=7 (full 0):
 PSYoungGen      total 101888K, used 5612K [0x00000000e1700000, 0x00000000ee200000, 0x0000000100000000)
  eden space 96256K, 0% used [0x00000000e1700000,0x00000000e1700000,0x00000000e7500000)
  from space 5632K, 99% used [0x00000000e7500000,0x00000000e7a7b1f8,0x00000000e7a80000)
  to   space 7680K, 0% used [0x00000000eda80000,0x00000000eda80000,0x00000000ee200000)
 ParOldGen       total 62976K, used 5850K [0x00000000a4400000, 0x00000000a8180000, 0x00000000e1700000)
  object space 62976K, 9% used [0x00000000a4400000,0x00000000a49b68d8,0x00000000a8180000)
 Metaspace       used 12133K, capacity 12318K, committed 12416K, reserved 1060864K
  class space    used 1287K, capacity 1373K, committed 1408K, reserved 1048576K
}
Event: 3.276 GC heap before
{Heap before GC invocations=8 (full 0):
 PSYoungGen      total 101888K, used 101868K [0x00000000e1700000, 0x00000000ee200000, 0x0000000100000000)
  eden space 96256K, 100% used [0x00000000e1700000,0x00000000e7500000,0x00000000e7500000)
  from space 5632K, 99% used [0x00000000e7500000,0x00000000e7a7b1f8,0x00000000e7a80000)
  to   space 7680K, 0% used [0x00000000eda80000,0x00000000eda80000,0x00000000ee200000)
 ParOldGen       total 62976K, used 5850K [0x00000000a4400000, 0x00000000a8180000, 0x00000000e1700000)
  object space 62976K, 9% used [0x00000000a4400000,0x00000000a49b68d8,0x00000000a8180000)
 Metaspace       used 14431K, capacity 14622K, committed 14976K, reserved 1062912K
  class space    used 1737K, capacity 1821K, committed 1920K, reserved 1048576K
Event: 3.281 GC heap after
Heap after GC invocations=8 (full 0):
 PSYoungGen      total 200192K, used 5466K [0x00000000e1700000, 0x00000000ee200000, 0x0000000100000000)
  eden space 192512K, 0% used [0x00000000e1700000,0x00000000e1700000,0x00000000ed300000)
  from space 7680K, 71% used [0x00000000eda80000,0x00000000edfd6b50,0x00000000ee200000)
  to   space 7680K, 0% used [0x00000000ed300000,0x00000000ed300000,0x00000000eda80000)
 ParOldGen       total 62976K, used 6775K [0x00000000a4400000, 0x00000000a8180000, 0x00000000e1700000)
  object space 62976K, 10% used [0x00000000a4400000,0x00000000a4a9dc30,0x00000000a8180000)
 Metaspace       used 14431K, capacity 14622K, committed 14976K, reserved 1062912K
  class space    used 1737K, capacity 1821K, committed 1920K, reserved 1048576K
}
Event: 4.435 GC heap before
{Heap before GC invocations=9 (full 0):
 PSYoungGen      total 200192K, used 197978K [0x00000000e1700000, 0x00000000ee200000, 0x0000000100000000)
  eden space 192512K, 100% used [0x00000000e1700000,0x00000000ed300000,0x00000000ed300000)
  from space 7680K, 71% used [0x00000000eda80000,0x00000000edfd6b50,0x00000000ee200000)
  to   space 7680K, 0% used [0x00000000ed300000,0x00000000ed300000,0x00000000eda80000)
 ParOldGen       total 62976K, used 6775K [0x00000000a4400000, 0x00000000a8180000, 0x00000000e1700000)
  object space 62976K, 10% used [0x00000000a4400000,0x00000000a4a9dc30,0x00000000a8180000)
 Metaspace       used 18490K, capacity 18798K, committed 19072K, reserved 1064960K
  class space    used 2566K, capacity 2677K, committed 2688K, reserved 1048576K

