# JRE version: OpenJDK Runtime Environment (8.0_202) (build 1.8.0_202-release-1483-b49-5587405)
# Java VM: OpenJDK 64-Bit Server VM (25.202-b49-5587405 mixed mode linux-amd64 compressed oops)
Heap:
 PSYoungGen      total 199168K, used 6624K [0x00000000e1700000, 0x00000000ee000000, 0x0000000100000000)
  eden space 192512K, 0% used [0x00000000e1700000,0x00000000e1700000,0x00000000ed300000)
  from space 6656K, 99% used [0x00000000ed300000,0x00000000ed978020,0x00000000ed980000)
  to   space 6656K, 0% used [0x00000000ed980000,0x00000000ed980000,0x00000000ee000000)
 ParOldGen       total 62976K, used 8187K [0x00000000a4400000, 0x00000000a8180000, 0x00000000e1700000)
  object space 62976K, 13% used [0x00000000a4400000,0x00000000a4bfee10,0x00000000a8180000)
 Metaspace       used 18543K, capacity 18766K, committed 19072K, reserved 1064960K
  class space    used 2565K, capacity 2645K, committed 2688K, reserved 1048576K
GC Heap History (10 events):
Event: 1.766 GC heap after
Heap after GC invocations=4 (full 0):
 PSYoungGen      total 51712K, used 3570K [0x00000000e1700000, 0x00000000e4d00000, 0x0000000100000000)
  eden space 48128K, 0% used [0x00000000e1700000,0x00000000e1700000,0x00000000e4600000)
  from space 3584K, 99% used [0x00000000e4980000,0x00000000e4cfc8a0,0x00000000e4d00000)
  to   space 3584K, 0% used [0x00000000e4600000,0x00000000e4600000,0x00000000e4980000)
 ParOldGen       total 62976K, used 3576K [0x00000000a4400000, 0x00000000a8180000, 0x00000000e1700000)
  object space 62976K, 5% used [0x00000000a4400000,0x00000000a477e038,0x00000000a8180000)
 Metaspace       used 8267K, capacity 8512K, committed 8704K, reserved 1056768K
  class space    used 877K, capacity 984K, committed 1024K, reserved 1048576K
}
Event: 2.130 GC heap before
{Heap before GC invocations=5 (full 0):
 PSYoungGen      total 51712K, used 51698K [0x00000000e1700000, 0x00000000e4d00000, 0x0000000100000000)
  eden space 48128K, 100% used [0x00000000e1700000,0x00000000e4600000,0x00000000e4600000)
  from space 3584K, 99% used [0x00000000e4980000,0x00000000e4cfc8a0,0x00000000e4d00000)
  to   space 3584K, 0% used [0x00000000e4600000,0x00000000e4600000,0x00000000e4980000)
 ParOldGen       total 62976K, used 3576K [0x00000000a4400000, 0x00000000a8180000, 0x00000000e1700000)
  object space 62976K, 5% used [0x00000000a4400000,0x00000000a477e038,0x00000000a8180000)
 Metaspace       used 8408K, capacity 8576K, committed 8704K, reserved 1056768K
  class space    used 878K, capacity 984K, committed 1024K, reserved 1048576K
Event: 2.141 GC heap after
Heap after GC invocations=5 (full 0):
 PSYoungGen      total 51712K, used 3558K [0x00000000e1700000, 0x00000000e8100000, 0x0000000100000000)
  eden space 48128K, 0% used [0x00000000e1700000,0x00000000e1700000,0x00000000e4600000)
  from space 3584K, 99% used [0x00000000e4600000,0x00000000e4979be0,0x00000000e4980000)
  to   space 6144K, 0% used [0x00000000e7b00000,0x00000000e7b00000,0x00000000e8100000)
 ParOldGen       total 62976K, used 4034K [0x00000000a4400000, 0x00000000a8180000, 0x00000000e1700000)
  object space 62976K, 6% used [0x00000000a4400000,0x00000000a47f0aa0,0x00000000a8180000)
 Metaspace       used 8408K, capacity 8576K, committed 8704K, reserved 1056768K
  class space    used 878K, capacity 984K, committed 1024K, reserved 1048576K
}
Event: 2.414 GC heap before
{Heap before GC invocations=6 (full 0):
 PSYoungGen      total 51712K, used 51686K [0x00000000e1700000, 0x00000000e8100000, 0x0000000100000000)
  eden space 48128K, 100% used [0x00000000e1700000,0x00000000e4600000,0x00000000e4600000)
  from space 3584K, 99% used [0x00000000e4600000,0x00000000e4979be0,0x00000000e4980000)
  to   space 6144K, 0% used [0x00000000e7b00000,0x00000000e7b00000,0x00000000e8100000)
 ParOldGen       total 62976K, used 4034K [0x00000000a4400000, 0x00000000a8180000, 0x00000000e1700000)
  object space 62976K, 6% used [0x00000000a4400000,0x00000000a47f0aa0,0x00000000a8180000)
 Metaspace       used 8705K, capacity 8928K, committed 8960K, reserved 1056768K
  class space    used 914K, capacity 1016K, committed 1024K, reserved 1048576K
Event: 2.420 GC heap after
Heap after GC invocations=6 (full 0):
 PSYoungGen      total 102400K, used 3081K [0x00000000e1700000, 0x00000000e8100000, 0x0000000100000000)
  eden space 96256K, 0% used [0x00000000e1700000,0x00000000e1700000,0x00000000e7500000)
  from space 6144K, 50% used [0x00000000e7b00000,0x00000000e7e02440,0x00000000e8100000)
  to   space 6144K, 0% used [0x00000000e7500000,0x00000000e7500000,0x00000000e7b00000)
 ParOldGen       total 62976K, used 4042K [0x00000000a4400000, 0x00000000a8180000, 0x00000000e1700000)
  object space 62976K, 6% used [0x00000000a4400000,0x00000000a47f2aa0,0x00000000a8180000)
 Metaspace       used 8705K, capacity 8928K, committed 8960K, reserved 1056768K
  class space    used 914K, capacity 1016K, committed 1024K, reserved 1048576K
}
Event: 3.071 GC heap before
{Heap before GC invocations=7 (full 0):
 PSYoungGen      total 102400K, used 99337K [0x00000000e1700000, 0x00000000e8100000, 0x0000000100000000)
  eden space 96256K, 100% used [0x00000000e1700000,0x00000000e7500000,0x00000000e7500000)
  from space 6144K, 50% used [0x00000000e7b00000,0x00000000e7e02440,0x00000000e8100000)
  to   space 6144K, 0% used [0x00000000e7500000,0x00000000e7500000,0x00000000e7b00000)
 ParOldGen       total 62976K, used 4042K [0x00000000a4400000, 0x00000000a8180000, 0x00000000e1700000)
  object space 62976K, 6% used [0x00000000a4400000,0x00000000a47f2aa0,0x00000000a8180000)
 Metaspace       used 12119K, capacity 12382K, committed 12672K, reserved 1060864K
  class space    used 1286K, capacity 1373K, committed 1408K, reserved 1048576K
Event: 3.079 GC heap after
Heap after GC invocations=7 (full 0):
 PSYoungGen      total 102400K, used 5658K [0x00000000e1700000, 0x00000000ee000000, 0x0000000100000000)
  eden space 96256K, 0% used [0x00000000e1700000,0x00000000e1700000,0x00000000e7500000)
  from space 6144K, 92% used [0x00000000e7500000,0x00000000e7a86838,0x00000000e7b00000)
  to   space 6656K, 0% used [0x00000000ed980000,0x00000000ed980000,0x00000000ee000000)
 ParOldGen       total 62976K, used 5731K [0x00000000a4400000, 0x00000000a8180000, 0x00000000e1700000)
  object space 62976K, 9% used [0x00000000a4400000,0x00000000a4998f40,0x00000000a8180000)
 Metaspace       used 12119K, capacity 12382K, committed 12672K, reserved 1060864K
  class space    used 1286K, capacity 1373K, committed 1408K, reserved 1048576K
}
Event: 3.377 GC heap before
{Heap before GC invocations=8 (full 0):
 PSYoungGen      total 102400K, used 101914K [0x00000000e1700000, 0x00000000ee000000, 0x0000000100000000)
  eden space 96256K, 100% used [0x00000000e1700000,0x00000000e7500000,0x00000000e7500000)
  from space 6144K, 92% used [0x00000000e7500000,0x00000000e7a86838,0x00000000e7b00000)
  to   space 6656K, 0% used [0x00000000ed980000,0x00000000ed980000,0x00000000ee000000)
 ParOldGen       total 62976K, used 5731K [0x00000000a4400000, 0x00000000a8180000, 0x00000000e1700000)
  object space 62976K, 9% used [0x00000000a4400000,0x00000000a4998f40,0x00000000a8180000)
 Metaspace       used 14396K, capacity 14558K, committed 14720K, reserved 1062912K
  class space    used 1733K, capacity 1821K, committed 1920K, reserved 1048576K
Event: 3.381 GC heap after
Heap after GC invocations=8 (full 0):
 PSYoungGen      total 199168K, used 5226K [0x00000000e1700000, 0x00000000ee000000, 0x0000000100000000)
  eden space 192512K, 0% used [0x00000000e1700000,0x00000000e1700000,0x00000000ed300000)
  from space 6656K, 78% used [0x00000000ed980000,0x00000000ede9ab60,0x00000000ee000000)
  to   space 6656K, 0% used [0x00000000ed300000,0x00000000ed300000,0x00000000ed980000)
 ParOldGen       total 62976K, used 6499K [0x00000000a4400000, 0x00000000a8180000, 0x00000000e1700000)
  object space 62976K, 10% used [0x00000000a4400000,0x00000000a4a58f40,0x00000000a8180000)
 Metaspace       used 14396K, capacity 14558K, committed 14720K, reserved 1062912K
  class space    used 1733K, capacity 1821K, committed 1920K, reserved 1048576K
}
Event: 4.183 GC heap before
{Heap before GC invocations=9 (full 0):
 PSYoungGen      total 199168K, used 197738K [0x00000000e1700000, 0x00000000ee000000, 0x0000000100000000)
  eden space 192512K, 100% used [0x00000000e1700000,0x00000000ed300000,0x00000000ed300000)
  from space 6656K, 78% used [0x00000000ed980000,0x00000000ede9ab60,0x00000000ee000000)
  to   space 6656K, 0% used [0x00000000ed300000,0x00000000ed300000,0x00000000ed980000)
 ParOldGen       total 62976K, used 6499K [0x00000000a4400000, 0x00000000a8180000, 0x00000000e1700000)
  object space 62976K, 10% used [0x00000000a4400000,0x00000000a4a58f40,0x00000000a8180000)
 Metaspace       used 18543K, capacity 18766K, committed 19072K, reserved 1064960K
  class space    used 2565K, capacity 2645K, committed 2688K, reserved 1048576K

