# JRE version: OpenJDK Runtime Environment (8.0_202) (build 1.8.0_202-release-1483-b49-5587405)
# Java VM: OpenJDK 64-Bit Server VM (25.202-b49-5587405 mixed mode linux-amd64 compressed oops)
Heap:
 PSYoungGen      total 200192K, used 7677K [0x00000000e1700000, 0x00000000ee200000, 0x0000000100000000)
  eden space 192512K, 0% used [0x00000000e1700000,0x00000000e1700000,0x00000000ed300000)
  from space 7680K, 99% used [0x00000000ed300000,0x00000000eda7f708,0x00000000eda80000)
  to   space 7680K, 0% used [0x00000000eda80000,0x00000000eda80000,0x00000000ee200000)
 ParOldGen       total 62976K, used 8465K [0x00000000a4400000, 0x00000000a8180000, 0x00000000e1700000)
  object space 62976K, 13% used [0x00000000a4400000,0x00000000a4c44618,0x00000000a8180000)
 Metaspace       used 18557K, capacity 18814K, committed 19072K, reserved 1064960K
  class space    used 2565K, capacity 2645K, committed 2688K, reserved 1048576K
GC Heap History (10 events):
Event: 2.294 GC heap after
Heap after GC invocations=4 (full 0):
 PSYoungGen      total 51712K, used 3554K [0x00000000e1700000, 0x00000000e4d00000, 0x0000000100000000)
  eden space 48128K, 0% used [0x00000000e1700000,0x00000000e1700000,0x00000000e4600000)
  from space 3584K, 99% used [0x00000000e4980000,0x00000000e4cf8890,0x00000000e4d00000)
  to   space 3584K, 0% used [0x00000000e4600000,0x00000000e4600000,0x00000000e4980000)
 ParOldGen       total 62976K, used 3742K [0x00000000a4400000, 0x00000000a8180000, 0x00000000e1700000)
  object space 62976K, 5% used [0x00000000a4400000,0x00000000a47a7850,0x00000000a8180000)
 Metaspace       used 8258K, capacity 8496K, committed 8704K, reserved 1056768K
  class space    used 876K, capacity 984K, committed 1024K, reserved 1048576K
}
Event: 2.669 GC heap before
{Heap before GC invocations=5 (full 0):
 PSYoungGen      total 51712K, used 51682K [0x00000000e1700000, 0x00000000e4d00000, 0x0000000100000000)
  eden space 48128K, 100% used [0x00000000e1700000,0x00000000e4600000,0x00000000e4600000)
  from space 3584K, 99% used [0x00000000e4980000,0x00000000e4cf8890,0x00000000e4d00000)
  to   space 3584K, 0% used [0x00000000e4600000,0x00000000e4600000,0x00000000e4980000)
 ParOldGen       total 62976K, used 3742K [0x00000000a4400000, 0x00000000a8180000, 0x00000000e1700000)
  object space 62976K, 5% used [0x00000000a4400000,0x00000000a47a7850,0x00000000a8180000)
 Metaspace       used 8413K, capacity 8560K, committed 8704K, reserved 1056768K
  class space    used 878K, capacity 984K, committed 1024K, reserved 1048576K
Event: 2.675 GC heap after
Heap after GC invocations=5 (full 0):
 PSYoungGen      total 51712K, used 3558K [0x00000000e1700000, 0x00000000e8100000, 0x0000000100000000)
  eden space 48128K, 0% used [0x00000000e1700000,0x00000000e1700000,0x00000000e4600000)
  from space 3584K, 99% used [0x00000000e4600000,0x00000000e4979be0,0x00000000e4980000)
  to   space 6144K, 0% used [0x00000000e7b00000,0x00000000e7b00000,0x00000000e8100000)
 ParOldGen       total 62976K, used 4195K [0x00000000a4400000, 0x00000000a8180000, 0x00000000e1700000)
  object space 62976K, 6% used [0x00000000a4400000,0x00000000a4818f38,0x00000000a8180000)
 Metaspace       used 8413K, capacity 8560K, committed 8704K, reserved 1056768K
  class space    used 878K, capacity 984K, committed 1024K, reserved 1048576K
}
Event: 3.022 GC heap before
{Heap before GC invocations=6 (full 0):
 PSYoungGen      total 51712K, used 51686K [0x00000000e1700000, 0x00000000e8100000, 0x0000000100000000)
  eden space 48128K, 100% used [0x00000000e1700000,0x00000000e4600000,0x00000000e4600000)
  from space 3584K, 99% used [0x00000000e4600000,0x00000000e4979be0,0x00000000e4980000)
  to   space 6144K, 0% used [0x00000000e7b00000,0x00000000e7b00000,0x00000000e8100000)
 ParOldGen       total 62976K, used 4195K [0x00000000a4400000, 0x00000000a8180000, 0x00000000e1700000)
  object space 62976K, 6% used [0x00000000a4400000,0x00000000a4818f38,0x00000000a8180000)
 Metaspace       used 8697K, capacity 8976K, committed 9216K, reserved 1056768K
  class space    used 914K, capacity 1016K, committed 1024K, reserved 1048576K
Event: 3.029 GC heap after
Heap after GC invocations=6 (full 0):
 PSYoungGen      total 101376K, used 3721K [0x00000000e1700000, 0x00000000e8000000, 0x0000000100000000)
  eden space 96256K, 0% used [0x00000000e1700000,0x00000000e1700000,0x00000000e7500000)
  from space 5120K, 72% used [0x00000000e7b00000,0x00000000e7ea2440,0x00000000e8000000)
  to   space 5632K, 0% used [0x00000000e7500000,0x00000000e7500000,0x00000000e7a80000)
 ParOldGen       total 62976K, used 4203K [0x00000000a4400000, 0x00000000a8180000, 0x00000000e1700000)
  object space 62976K, 6% used [0x00000000a4400000,0x00000000a481af38,0x00000000a8180000)
 Metaspace       used 8697K, capacity 8976K, committed 9216K, reserved 1056768K
  class space    used 914K, capacity 1016K, committed 1024K, reserved 1048576K
}
Event: 4.030 GC heap before
{Heap before GC invocations=7 (full 0):
 PSYoungGen      total 101376K, used 99977K [0x00000000e1700000, 0x00000000e8000000, 0x0000000100000000)
  eden space 96256K, 100% used [0x00000000e1700000,0x00000000e7500000,0x00000000e7500000)
  from space 5120K, 72% used [0x00000000e7b00000,0x00000000e7ea2440,0x00000000e8000000)
  to   space 5632K, 0% used [0x00000000e7500000,0x00000000e7500000,0x00000000e7a80000)
 ParOldGen       total 62976K, used 4203K [0x00000000a4400000, 0x00000000a8180000, 0x00000000e1700000)
  object space 62976K, 6% used [0x00000000a4400000,0x00000000a481af38,0x00000000a8180000)
 Metaspace       used 12089K, capacity 12270K, committed 12416K, reserved 1060864K
  class space    used 1281K, capacity 1341K, committed 1408K, reserved 1048576K
Event: 4.059 GC heap after
Heap after GC invocations=7 (full 0):
 PSYoungGen      total 101888K, used 5622K [0x00000000e1700000, 0x00000000ee200000, 0x0000000100000000)
  eden space 96256K, 0% used [0x00000000e1700000,0x00000000e1700000,0x00000000e7500000)
  from space 5632K, 99% used [0x00000000e7500000,0x00000000e7a7d8d0,0x00000000e7a80000)
  to   space 7680K, 0% used [0x00000000eda80000,0x00000000eda80000,0x00000000ee200000)
 ParOldGen       total 62976K, used 6562K [0x00000000a4400000, 0x00000000a8180000, 0x00000000e1700000)
  object space 62976K, 10% used [0x00000000a4400000,0x00000000a4a68930,0x00000000a8180000)
 Metaspace       used 12089K, capacity 12270K, committed 12416K, reserved 1060864K
  class space    used 1281K, capacity 1341K, committed 1408K, reserved 1048576K
}
Event: 4.552 GC heap before
{Heap before GC invocations=8 (full 0):
 PSYoungGen      total 101888K, used 101878K [0x00000000e1700000, 0x00000000ee200000, 0x0000000100000000)
  eden space 96256K, 100% used [0x00000000e1700000,0x00000000e7500000,0x00000000e7500000)
  from space 5632K, 99% used [0x00000000e7500000,0x00000000e7a7d8d0,0x00000000e7a80000)
  to   space 7680K, 0% used [0x00000000eda80000,0x00000000eda80000,0x00000000ee200000)
 ParOldGen       total 62976K, used 6562K [0x00000000a4400000, 0x00000000a8180000, 0x00000000e1700000)
  object space 62976K, 10% used [0x00000000a4400000,0x00000000a4a68930,0x00000000a8180000)
 Metaspace       used 14391K, capacity 14606K, committed 14976K, reserved 1062912K
  class space    used 1732K, capacity 1821K, committed 1920K, reserved 1048576K
Event: 4.556 GC heap after
Heap after GC invocations=8 (full 0):
 PSYoungGen      total 200192K, used 5722K [0x00000000e1700000, 0x00000000ee200000, 0x0000000100000000)
  eden space 192512K, 0% used [0x00000000e1700000,0x00000000e1700000,0x00000000ed300000)
  from space 7680K, 74% used [0x00000000eda80000,0x00000000ee016b50,0x00000000ee200000)
  to   space 7680K, 0% used [0x00000000ed300000,0x00000000ed300000,0x00000000eda80000)
 ParOldGen       total 62976K, used 7362K [0x00000000a4400000, 0x00000000a8180000, 0x00000000e1700000)
  object space 62976K, 11% used [0x00000000a4400000,0x00000000a4b30940,0x00000000a8180000)
 Metaspace       used 14391K, capacity 14606K, committed 14976K, reserved 1062912K
  class space    used 1732K, capacity 1821K, committed 1920K, reserved 1048576K
}
Event: 5.910 GC heap before
{Heap before GC invocations=9 (full 0):
 PSYoungGen      total 200192K, used 198234K [0x00000000e1700000, 0x00000000ee200000, 0x0000000100000000)
  eden space 192512K, 100% used [0x00000000e1700000,0x00000000ed300000,0x00000000ed300000)
  from space 7680K, 74% used [0x00000000eda80000,0x00000000ee016b50,0x00000000ee200000)
  to   space 7680K, 0% used [0x00000000ed300000,0x00000000ed300000,0x00000000eda80000)
 ParOldGen       total 62976K, used 7362K [0x00000000a4400000, 0x00000000a8180000, 0x00000000e1700000)
  object space 62976K, 11% used [0x00000000a4400000,0x00000000a4b30940,0x00000000a8180000)
 Metaspace       used 18557K, capacity 18814K, committed 19072K, reserved 1064960K
  class space    used 2565K, capacity 2645K, committed 2688K, reserved 1048576K

