# JRE version: OpenJDK Runtime Environment (8.0_202) (build 1.8.0_202-release-1483-b49-5587405)
# Java VM: OpenJDK 64-Bit Server VM (25.202-b49-5587405 mixed mode linux-amd64 compressed oops)
Heap:
 PSYoungGen      total 199680K, used 7140K [0x00000000e1700000, 0x00000000ee100000, 0x0000000100000000)
  eden space 192512K, 0% used [0x00000000e1700000,0x00000000e1700000,0x00000000ed300000)
  from space 7168K, 99% used [0x00000000ed300000,0x00000000ed9f9180,0x00000000eda00000)
  to   space 7168K, 0% used [0x00000000eda00000,0x00000000eda00000,0x00000000ee100000)
 ParOldGen       total 62976K, used 10041K [0x00000000a4400000, 0x00000000a8180000, 0x00000000e1700000)
  object space 62976K, 15% used [0x00000000a4400000,0x00000000a4dce5b0,0x00000000a8180000)
 Metaspace       used 19004K, capacity 19254K, committed 19584K, reserved 1067008K
  class space    used 2565K, capacity 2641K, committed 2688K, reserved 1048576K
GC Heap History (10 events):
Event: 2.116 GC heap after
Heap after GC invocations=4 (full 0):
 PSYoungGen      total 51712K, used 3579K [0x00000000e1700000, 0x00000000e4d00000, 0x0000000100000000)
  eden space 48128K, 0% used [0x00000000e1700000,0x00000000e1700000,0x00000000e4600000)
  from space 3584K, 99% used [0x00000000e4980000,0x00000000e4cfeef8,0x00000000e4d00000)
  to   space 3584K, 0% used [0x00000000e4600000,0x00000000e4600000,0x00000000e4980000)
 ParOldGen       total 62976K, used 5381K [0x00000000a4400000, 0x00000000a8180000, 0x00000000e1700000)
  object space 62976K, 8% used [0x00000000a4400000,0x00000000a4941518,0x00000000a8180000)
 Metaspace       used 9263K, capacity 9472K, committed 9600K, reserved 1058816K
  class space    used 956K, capacity 1048K, committed 1152K, reserved 1048576K
}
Event: 2.483 GC heap before
{Heap before GC invocations=5 (full 0):
 PSYoungGen      total 51712K, used 51707K [0x00000000e1700000, 0x00000000e4d00000, 0x0000000100000000)
  eden space 48128K, 100% used [0x00000000e1700000,0x00000000e4600000,0x00000000e4600000)
  from space 3584K, 99% used [0x00000000e4980000,0x00000000e4cfeef8,0x00000000e4d00000)
  to   space 3584K, 0% used [0x00000000e4600000,0x00000000e4600000,0x00000000e4980000)
 ParOldGen       total 62976K, used 5381K [0x00000000a4400000, 0x00000000a8180000, 0x00000000e1700000)
  object space 62976K, 8% used [0x00000000a4400000,0x00000000a4941518,0x00000000a8180000)
 Metaspace       used 9441K, capacity 9600K, committed 9856K, reserved 1058816K
  class space    used 959K, capacity 1048K, committed 1152K, reserved 1048576K
Event: 2.489 GC heap after
Heap after GC invocations=5 (full 0):
 PSYoungGen      total 51712K, used 3552K [0x00000000e1700000, 0x00000000e8200000, 0x0000000100000000)
  eden space 48128K, 0% used [0x00000000e1700000,0x00000000e1700000,0x00000000e4600000)
  from space 3584K, 99% used [0x00000000e4600000,0x00000000e4978248,0x00000000e4980000)
  to   space 6656K, 0% used [0x00000000e7b80000,0x00000000e7b80000,0x00000000e8200000)
 ParOldGen       total 62976K, used 5482K [0x00000000a4400000, 0x00000000a8180000, 0x00000000e1700000)
  object space 62976K, 8% used [0x00000000a4400000,0x00000000a495a8c0,0x00000000a8180000)
 Metaspace       used 9441K, capacity 9600K, committed 9856K, reserved 1058816K
  class space    used 959K, capacity 1048K, committed 1152K, reserved 1048576K
}
Event: 2.806 GC heap before
{Heap before GC invocations=6 (full 0):
 PSYoungGen      total 51712K, used 51680K [0x00000000e1700000, 0x00000000e8200000, 0x0000000100000000)
  eden space 48128K, 100% used [0x00000000e1700000,0x00000000e4600000,0x00000000e4600000)
  from space 3584K, 99% used [0x00000000e4600000,0x00000000e4978248,0x00000000e4980000)
  to   space 6656K, 0% used [0x00000000e7b80000,0x00000000e7b80000,0x00000000e8200000)
 ParOldGen       total 62976K, used 5482K [0x00000000a4400000, 0x00000000a8180000, 0x00000000e1700000)
  object space 62976K, 8% used [0x00000000a4400000,0x00000000a495a8c0,0x00000000a8180000)
 Metaspace       used 9605K, capacity 9792K, committed 10112K, reserved 1058816K
  class space    used 962K, capacity 1048K, committed 1152K, reserved 1048576K
Event: 2.818 GC heap after
Heap after GC invocations=6 (full 0):
 PSYoungGen      total 102912K, used 4278K [0x00000000e1700000, 0x00000000e8200000, 0x0000000100000000)
  eden space 96256K, 0% used [0x00000000e1700000,0x00000000e1700000,0x00000000e7500000)
  from space 6656K, 64% used [0x00000000e7b80000,0x00000000e7fad828,0x00000000e8200000)
  to   space 6656K, 0% used [0x00000000e7500000,0x00000000e7500000,0x00000000e7b80000)
 ParOldGen       total 62976K, used 5482K [0x00000000a4400000, 0x00000000a8180000, 0x00000000e1700000)
  object space 62976K, 8% used [0x00000000a4400000,0x00000000a495a8c0,0x00000000a8180000)
 Metaspace       used 9605K, capacity 9792K, committed 10112K, reserved 1058816K
  class space    used 962K, capacity 1048K, committed 1152K, reserved 1048576K
}
Event: 3.544 GC heap before
{Heap before GC invocations=7 (full 0):
 PSYoungGen      total 102912K, used 100534K [0x00000000e1700000, 0x00000000e8200000, 0x0000000100000000)
  eden space 96256K, 100% used [0x00000000e1700000,0x00000000e7500000,0x00000000e7500000)
  from space 6656K, 64% used [0x00000000e7b80000,0x00000000e7fad828,0x00000000e8200000)
  to   space 6656K, 0% used [0x00000000e7500000,0x00000000e7500000,0x00000000e7b80000)
 ParOldGen       total 62976K, used 5482K [0x00000000a4400000, 0x00000000a8180000, 0x00000000e1700000)
  object space 62976K, 8% used [0x00000000a4400000,0x00000000a495a8c0,0x00000000a8180000)
 Metaspace       used 12827K, capacity 13054K, committed 13184K, reserved 1060864K
  class space    used 1331K, capacity 1405K, committed 1408K, reserved 1048576K
Event: 3.561 GC heap after
Heap after GC invocations=7 (full 0):
 PSYoungGen      total 102912K, used 6312K [0x00000000e1700000, 0x00000000ee100000, 0x0000000100000000)
  eden space 96256K, 0% used [0x00000000e1700000,0x00000000e1700000,0x00000000e7500000)
  from space 6656K, 94% used [0x00000000e7500000,0x00000000e7b2a130,0x00000000e7b80000)
  to   space 7168K, 0% used [0x00000000eda00000,0x00000000eda00000,0x00000000ee100000)
 ParOldGen       total 62976K, used 7103K [0x00000000a4400000, 0x00000000a8180000, 0x00000000e1700000)
  object space 62976K, 11% used [0x00000000a4400000,0x00000000a4aefeb0,0x00000000a8180000)
 Metaspace       used 12827K, capacity 13054K, committed 13184K, reserved 1060864K
  class space    used 1331K, capacity 1405K, committed 1408K, reserved 1048576K
}
Event: 4.022 GC heap before
{Heap before GC invocations=8 (full 0):
 PSYoungGen      total 102912K, used 102568K [0x00000000e1700000, 0x00000000ee100000, 0x0000000100000000)
  eden space 96256K, 100% used [0x00000000e1700000,0x00000000e7500000,0x00000000e7500000)
  from space 6656K, 94% used [0x00000000e7500000,0x00000000e7b2a130,0x00000000e7b80000)
  to   space 7168K, 0% used [0x00000000eda00000,0x00000000eda00000,0x00000000ee100000)
 ParOldGen       total 62976K, used 7103K [0x00000000a4400000, 0x00000000a8180000, 0x00000000e1700000)
  object space 62976K, 11% used [0x00000000a4400000,0x00000000a4aefeb0,0x00000000a8180000)
 Metaspace       used 15030K, capacity 15198K, committed 15488K, reserved 1062912K
  class space    used 1736K, capacity 1821K, committed 1920K, reserved 1048576K
Event: 4.028 GC heap after
Heap after GC invocations=8 (full 0):
 PSYoungGen      total 199680K, used 5794K [0x00000000e1700000, 0x00000000ee100000, 0x0000000100000000)
  eden space 192512K, 0% used [0x00000000e1700000,0x00000000e1700000,0x00000000ed300000)
  from space 7168K, 80% used [0x00000000eda00000,0x00000000edfa8850,0x00000000ee100000)
  to   space 7168K, 0% used [0x00000000ed300000,0x00000000ed300000,0x00000000eda00000)
 ParOldGen       total 62976K, used 8182K [0x00000000a4400000, 0x00000000a8180000, 0x00000000e1700000)
  object space 62976K, 12% used [0x00000000a4400000,0x00000000a4bfd9a8,0x00000000a8180000)
 Metaspace       used 15030K, capacity 15198K, committed 15488K, reserved 1062912K
  class space    used 1736K, capacity 1821K, committed 1920K, reserved 1048576K
}
Event: 4.800 GC heap before
{Heap before GC invocations=9 (full 0):
 PSYoungGen      total 199680K, used 198306K [0x00000000e1700000, 0x00000000ee100000, 0x0000000100000000)
  eden space 192512K, 100% used [0x00000000e1700000,0x00000000ed300000,0x00000000ed300000)
  from space 7168K, 80% used [0x00000000eda00000,0x00000000edfa8850,0x00000000ee100000)
  to   space 7168K, 0% used [0x00000000ed300000,0x00000000ed300000,0x00000000eda00000)
 ParOldGen       total 62976K, used 8182K [0x00000000a4400000, 0x00000000a8180000, 0x00000000e1700000)
  object space 62976K, 12% used [0x00000000a4400000,0x00000000a4bfd9a8,0x00000000a8180000)
 Metaspace       used 19004K, capacity 19254K, committed 19584K, reserved 1067008K
  class space    used 2565K, capacity 2641K, committed 2688K, reserved 1048576K

